<?xml version="1.0" encoding="UTF-8"?>
<testsuite xmlns:xsi="http://www.w3.org/2001/XMLSchema-instance" xsi:noNamespaceSchemaLocation="https://maven.apache.org/surefire/maven-surefire-plugin/xsd/surefire-test-report.xsd" version="3.0.2" name="com.github.gradehub.repositories.UsersRepositoryTest" time="0.84" tests="6" errors="0" skipped="0" failures="0">
  <properties>
[...]
</properties>
  <testcase name="testFindByNameAndLastName" classname="com.github.gradehub.repositories.UsersRepositoryTest" time="0.079">
    <system-out><![CDATA[2025-03-06T22:38:04.269-06:00  INFO 12428 --- [GradeHub] [           main] t.c.s.AnnotationConfigContextLoaderUtils : Could not detect default configuration classes for test class [com.github.gradehub.repositories.UsersRepositoryTest]: UsersRepositoryTest does not declare any static, non-private, non-final, nested classes annotated with @Configuration.
2025-03-06T22:38:04.386-06:00  INFO 12428 --- [GradeHub] [           main] .b.t.c.SpringBootTestContextBootstrapper : Found @SpringBootConfiguration com.github.gradehub.GradeHubApplication for test class com.github.gradehub.repositories.UsersRepositoryTest
Hibernate: 
    select
        g1_0.grade_id,
        g1_0.assignment_id,
        g1_0.score,
        g1_0.user_id 
    from
        grade g1_0
Hibernate: 
    select
        a1_0.assignment_id,
        a1_0.assignment_name,
        a1_0.posted_date,
        a1_0.assignment_weight,
        a1_0.course_id,
        a1_0.due_date,
        a1_0.feedback 
    from
        assignment a1_0
Hibernate: 
    select
        c1_0.course_id,
        c1_0.course_name,
        c1_0.course_description,
        c1_0.user_id 
    from
        course c1_0
Hibernate: 
    select
        u1_0.user_id,
        u1_0.dob,
        u1_0.email,
        u1_0.grade_level,
        u1_0.password,
        u1_0.person_first_name,
        u1_0.person_last_name,
        u1_0.role_id 
    from
        users u1_0
Hibernate: 
    select
        r1_0.role_id,
        r1_0.role 
    from
        roles r1_0
Hibernate: 
    insert 
    into
        roles
        (role, role_id) 
    values
        (?, default)
Hibernate: 
    insert 
    into
        roles
        (role, role_id) 
    values
        (?, default)
Hibernate: 
    insert 
    into
        roles
        (role, role_id) 
    values
        (?, default)
Hibernate: 
    insert 
    into
        roles
        (role, role_id) 
    values
        (?, default)
Hibernate: 
    insert 
    into
        users
        (dob, email, grade_level, password, person_first_name, person_last_name, role_id, user_id) 
    values
        (?, ?, ?, ?, ?, ?, ?, default)
Hibernate: 
    insert 
    into
        users
        (dob, email, grade_level, password, person_first_name, person_last_name, role_id, user_id) 
    values
        (?, ?, ?, ?, ?, ?, ?, default)
Hibernate: 
    insert 
    into
        users
        (dob, email, grade_level, password, person_first_name, person_last_name, role_id, user_id) 
    values
        (?, ?, ?, ?, ?, ?, ?, default)
Hibernate: 
    insert 
    into
        course
        (course_name, course_description, user_id, course_id) 
    values
        (?, ?, ?, default)
Hibernate: 
    insert 
    into
        assignment
        (assignment_name, posted_date, assignment_weight, course_id, due_date, feedback, assignment_id) 
    values
        (?, ?, ?, ?, ?, ?, default)
Hibernate: 
    select
        u1_0.user_id,
        u1_0.dob,
        u1_0.email,
        u1_0.grade_level,
        u1_0.password,
        u1_0.person_first_name,
        u1_0.person_last_name,
        u1_0.role_id 
    from
        users u1_0 
    where
        u1_0.person_first_name=? 
        and u1_0.person_last_name=?
]]></system-out>
  </testcase>
  <testcase name="testFindUsersByCourseId" classname="com.github.gradehub.repositories.UsersRepositoryTest" time="0.079">
    <system-out><![CDATA[Hibernate: 
    select
        g1_0.grade_id,
        g1_0.assignment_id,
        g1_0.score,
        g1_0.user_id 
    from
        grade g1_0
Hibernate: 
    select
        a1_0.assignment_id,
        a1_0.assignment_name,
        a1_0.posted_date,
        a1_0.assignment_weight,
        a1_0.course_id,
        a1_0.due_date,
        a1_0.feedback 
    from
        assignment a1_0
Hibernate: 
    select
        c1_0.course_id,
        c1_0.course_name,
        c1_0.course_description,
        c1_0.user_id 
    from
        course c1_0
Hibernate: 
    select
        u1_0.user_id,
        u1_0.dob,
        u1_0.email,
        u1_0.grade_level,
        u1_0.password,
        u1_0.person_first_name,
        u1_0.person_last_name,
        u1_0.role_id 
    from
        users u1_0
Hibernate: 
    select
        r1_0.role_id,
        r1_0.role 
    from
        roles r1_0
Hibernate: 
    insert 
    into
        roles
        (role, role_id) 
    values
        (?, default)
Hibernate: 
    insert 
    into
        roles
        (role, role_id) 
    values
        (?, default)
Hibernate: 
    insert 
    into
        roles
        (role, role_id) 
    values
        (?, default)
Hibernate: 
    insert 
    into
        roles
        (role, role_id) 
    values
        (?, default)
Hibernate: 
    insert 
    into
        users
        (dob, email, grade_level, password, person_first_name, person_last_name, role_id, user_id) 
    values
        (?, ?, ?, ?, ?, ?, ?, default)
Hibernate: 
    insert 
    into
        users
        (dob, email, grade_level, password, person_first_name, person_last_name, role_id, user_id) 
    values
        (?, ?, ?, ?, ?, ?, ?, default)
Hibernate: 
    insert 
    into
        users
        (dob, email, grade_level, password, person_first_name, person_last_name, role_id, user_id) 
    values
        (?, ?, ?, ?, ?, ?, ?, default)
Hibernate: 
    insert 
    into
        course
        (course_name, course_description, user_id, course_id) 
    values
        (?, ?, ?, default)
Hibernate: 
    insert 
    into
        assignment
        (assignment_name, posted_date, assignment_weight, course_id, due_date, feedback, assignment_id) 
    values
        (?, ?, ?, ?, ?, ?, default)
Hibernate: 
    insert 
    into
        course_taker
        (course_id, user_id) 
    values
        (?, ?)
Hibernate: 
    insert 
    into
        course_taker
        (course_id, user_id) 
    values
        (?, ?)
Hibernate: 
    select
        u1_0.user_id,
        u1_0.dob,
        u1_0.email,
        u1_0.grade_level,
        u1_0.password,
        u1_0.person_first_name,
        u1_0.person_last_name,
        u1_0.role_id 
    from
        users u1_0 
    join
        course_taker c1_0 
            on u1_0.user_id=c1_0.user_id 
    where
        c1_0.course_id=?
]]></system-out>
  </testcase>
  <testcase name="testFindUsersByCourseId_NoStudentsInCourse" classname="com.github.gradehub.repositories.UsersRepositoryTest" time="0.2">
    <system-out><![CDATA[Hibernate: 
    select
        g1_0.grade_id,
        g1_0.assignment_id,
        g1_0.score,
        g1_0.user_id 
    from
        grade g1_0
Hibernate: 
    select
        a1_0.assignment_id,
        a1_0.assignment_name,
        a1_0.posted_date,
        a1_0.assignment_weight,
        a1_0.course_id,
        a1_0.due_date,
        a1_0.feedback 
    from
        assignment a1_0
Hibernate: 
    select
        c1_0.course_id,
        c1_0.course_name,
        c1_0.course_description,
        c1_0.user_id 
    from
        course c1_0
Hibernate: 
    select
        u1_0.user_id,
        u1_0.dob,
        u1_0.email,
        u1_0.grade_level,
        u1_0.password,
        u1_0.person_first_name,
        u1_0.person_last_name,
        u1_0.role_id 
    from
        users u1_0
Hibernate: 
    select
        r1_0.role_id,
        r1_0.role 
    from
        roles r1_0
Hibernate: 
    insert 
    into
        roles
        (role, role_id) 
    values
        (?, default)
Hibernate: 
    insert 
    into
        roles
        (role, role_id) 
    values
        (?, default)
Hibernate: 
    insert 
    into
        roles
        (role, role_id) 
    values
        (?, default)
Hibernate: 
    insert 
    into
        roles
        (role, role_id) 
    values
        (?, default)
Hibernate: 
    insert 
    into
        users
        (dob, email, grade_level, password, person_first_name, person_last_name, role_id, user_id) 
    values
        (?, ?, ?, ?, ?, ?, ?, default)
Hibernate: 
    insert 
    into
        users
        (dob, email, grade_level, password, person_first_name, person_last_name, role_id, user_id) 
    values
        (?, ?, ?, ?, ?, ?, ?, default)
Hibernate: 
    insert 
    into
        users
        (dob, email, grade_level, password, person_first_name, person_last_name, role_id, user_id) 
    values
        (?, ?, ?, ?, ?, ?, ?, default)
Hibernate: 
    insert 
    into
        course
        (course_name, course_description, user_id, course_id) 
    values
        (?, ?, ?, default)
Hibernate: 
    insert 
    into
        assignment
        (assignment_name, posted_date, assignment_weight, course_id, due_date, feedback, assignment_id) 
    values
        (?, ?, ?, ?, ?, ?, default)
Hibernate: 
    insert 
    into
        users
        (dob, email, grade_level, password, person_first_name, person_last_name, role_id, user_id) 
    values
        (?, ?, ?, ?, ?, ?, ?, default)
Hibernate: 
    insert 
    into
        course
        (course_name, course_description, user_id, course_id) 
    values
        (?, ?, ?, default)
Hibernate: 
    insert 
    into
        course_taker
        (course_id, user_id) 
    values
        (?, ?)
Hibernate: 
    insert 
    into
        course_taker
        (course_id, user_id) 
    values
        (?, ?)
Hibernate: 
    select
        u1_0.user_id,
        u1_0.dob,
        u1_0.email,
        u1_0.grade_level,
        u1_0.password,
        u1_0.person_first_name,
        u1_0.person_last_name,
        u1_0.role_id 
    from
        users u1_0 
    join
        course_taker c1_0 
            on u1_0.user_id=c1_0.user_id 
    where
        c1_0.course_id=?
]]></system-out>
  </testcase>
  <testcase name="testFindByEmail" classname="com.github.gradehub.repositories.UsersRepositoryTest" time="0.105">
    <system-out><![CDATA[Hibernate: 
    select
        g1_0.grade_id,
        g1_0.assignment_id,
        g1_0.score,
        g1_0.user_id 
    from
        grade g1_0
Hibernate: 
    select
        a1_0.assignment_id,
        a1_0.assignment_name,
        a1_0.posted_date,
        a1_0.assignment_weight,
        a1_0.course_id,
        a1_0.due_date,
        a1_0.feedback 
    from
        assignment a1_0
Hibernate: 
    select
        c1_0.course_id,
        c1_0.course_name,
        c1_0.course_description,
        c1_0.user_id 
    from
        course c1_0
Hibernate: 
    select
        u1_0.user_id,
        u1_0.dob,
        u1_0.email,
        u1_0.grade_level,
        u1_0.password,
        u1_0.person_first_name,
        u1_0.person_last_name,
        u1_0.role_id 
    from
        users u1_0
Hibernate: 
    select
        r1_0.role_id,
        r1_0.role 
    from
        roles r1_0
Hibernate: 
    insert 
    into
        roles
        (role, role_id) 
    values
        (?, default)
Hibernate: 
    insert 
    into
        roles
        (role, role_id) 
    values
        (?, default)
Hibernate: 
    insert 
    into
        roles
        (role, role_id) 
    values
        (?, default)
Hibernate: 
    insert 
    into
        roles
        (role, role_id) 
    values
        (?, default)
Hibernate: 
    insert 
    into
        users
        (dob, email, grade_level, password, person_first_name, person_last_name, role_id, user_id) 
    values
        (?, ?, ?, ?, ?, ?, ?, default)
Hibernate: 
    insert 
    into
        users
        (dob, email, grade_level, password, person_first_name, person_last_name, role_id, user_id) 
    values
        (?, ?, ?, ?, ?, ?, ?, default)
Hibernate: 
    insert 
    into
        users
        (dob, email, grade_level, password, person_first_name, person_last_name, role_id, user_id) 
    values
        (?, ?, ?, ?, ?, ?, ?, default)
Hibernate: 
    insert 
    into
        course
        (course_name, course_description, user_id, course_id) 
    values
        (?, ?, ?, default)
Hibernate: 
    insert 
    into
        assignment
        (assignment_name, posted_date, assignment_weight, course_id, due_date, feedback, assignment_id) 
    values
        (?, ?, ?, ?, ?, ?, default)
Hibernate: 
    select
        u1_0.user_id,
        u1_0.dob,
        u1_0.email,
        u1_0.grade_level,
        u1_0.password,
        u1_0.person_first_name,
        u1_0.person_last_name,
        u1_0.role_id 
    from
        users u1_0 
    where
        u1_0.email=?
]]></system-out>
  </testcase>
  <testcase name="findNonExistingUser" classname="com.github.gradehub.repositories.UsersRepositoryTest" time="0.109">
    <system-out><![CDATA[Hibernate: 
    select
        g1_0.grade_id,
        g1_0.assignment_id,
        g1_0.score,
        g1_0.user_id 
    from
        grade g1_0
Hibernate: 
    select
        a1_0.assignment_id,
        a1_0.assignment_name,
        a1_0.posted_date,
        a1_0.assignment_weight,
        a1_0.course_id,
        a1_0.due_date,
        a1_0.feedback 
    from
        assignment a1_0
Hibernate: 
    select
        c1_0.course_id,
        c1_0.course_name,
        c1_0.course_description,
        c1_0.user_id 
    from
        course c1_0
Hibernate: 
    select
        u1_0.user_id,
        u1_0.dob,
        u1_0.email,
        u1_0.grade_level,
        u1_0.password,
        u1_0.person_first_name,
        u1_0.person_last_name,
        u1_0.role_id 
    from
        users u1_0
Hibernate: 
    select
        r1_0.role_id,
        r1_0.role 
    from
        roles r1_0
Hibernate: 
    insert 
    into
        roles
        (role, role_id) 
    values
        (?, default)
Hibernate: 
    insert 
    into
        roles
        (role, role_id) 
    values
        (?, default)
Hibernate: 
    insert 
    into
        roles
        (role, role_id) 
    values
        (?, default)
Hibernate: 
    insert 
    into
        roles
        (role, role_id) 
    values
        (?, default)
Hibernate: 
    insert 
    into
        users
        (dob, email, grade_level, password, person_first_name, person_last_name, role_id, user_id) 
    values
        (?, ?, ?, ?, ?, ?, ?, default)
Hibernate: 
    insert 
    into
        users
        (dob, email, grade_level, password, person_first_name, person_last_name, role_id, user_id) 
    values
        (?, ?, ?, ?, ?, ?, ?, default)
Hibernate: 
    insert 
    into
        users
        (dob, email, grade_level, password, person_first_name, person_last_name, role_id, user_id) 
    values
        (?, ?, ?, ?, ?, ?, ?, default)
Hibernate: 
    insert 
    into
        course
        (course_name, course_description, user_id, course_id) 
    values
        (?, ?, ?, default)
Hibernate: 
    insert 
    into
        assignment
        (assignment_name, posted_date, assignment_weight, course_id, due_date, feedback, assignment_id) 
    values
        (?, ?, ?, ?, ?, ?, default)
Hibernate: 
    select
        u1_0.user_id,
        u1_0.dob,
        u1_0.email,
        u1_0.grade_level,
        u1_0.password,
        u1_0.person_first_name,
        u1_0.person_last_name,
        u1_0.role_id 
    from
        users u1_0 
    where
        u1_0.email=?
]]></system-out>
  </testcase>
  <testcase name="roleVerification" classname="com.github.gradehub.repositories.UsersRepositoryTest" time="0.1">
    <system-out><![CDATA[Hibernate: 
    select
        g1_0.grade_id,
        g1_0.assignment_id,
        g1_0.score,
        g1_0.user_id 
    from
        grade g1_0
Hibernate: 
    select
        a1_0.assignment_id,
        a1_0.assignment_name,
        a1_0.posted_date,
        a1_0.assignment_weight,
        a1_0.course_id,
        a1_0.due_date,
        a1_0.feedback 
    from
        assignment a1_0
Hibernate: 
    select
        c1_0.course_id,
        c1_0.course_name,
        c1_0.course_description,
        c1_0.user_id 
    from
        course c1_0
Hibernate: 
    select
        u1_0.user_id,
        u1_0.dob,
        u1_0.email,
        u1_0.grade_level,
        u1_0.password,
        u1_0.person_first_name,
        u1_0.person_last_name,
        u1_0.role_id 
    from
        users u1_0
Hibernate: 
    select
        r1_0.role_id,
        r1_0.role 
    from
        roles r1_0
Hibernate: 
    insert 
    into
        roles
        (role, role_id) 
    values
        (?, default)
Hibernate: 
    insert 
    into
        roles
        (role, role_id) 
    values
        (?, default)
Hibernate: 
    insert 
    into
        roles
        (role, role_id) 
    values
        (?, default)
Hibernate: 
    insert 
    into
        roles
        (role, role_id) 
    values
        (?, default)
Hibernate: 
    insert 
    into
        users
        (dob, email, grade_level, password, person_first_name, person_last_name, role_id, user_id) 
    values
        (?, ?, ?, ?, ?, ?, ?, default)
Hibernate: 
    insert 
    into
        users
        (dob, email, grade_level, password, person_first_name, person_last_name, role_id, user_id) 
    values
        (?, ?, ?, ?, ?, ?, ?, default)
Hibernate: 
    insert 
    into
        users
        (dob, email, grade_level, password, person_first_name, person_last_name, role_id, user_id) 
    values
        (?, ?, ?, ?, ?, ?, ?, default)
Hibernate: 
    insert 
    into
        course
        (course_name, course_description, user_id, course_id) 
    values
        (?, ?, ?, default)
Hibernate: 
    insert 
    into
        assignment
        (assignment_name, posted_date, assignment_weight, course_id, due_date, feedback, assignment_id) 
    values
        (?, ?, ?, ?, ?, ?, default)
Hibernate: 
    insert 
    into
        users
        (dob, email, grade_level, password, person_first_name, person_last_name, role_id, user_id) 
    values
        (?, ?, ?, ?, ?, ?, ?, default)
Hibernate: 
    insert 
    into
        users
        (dob, email, grade_level, password, person_first_name, person_last_name, role_id, user_id) 
    values
        (?, ?, ?, ?, ?, ?, ?, default)
Hibernate: 
    insert 
    into
        users
        (dob, email, grade_level, password, person_first_name, person_last_name, role_id, user_id) 
    values
        (?, ?, ?, ?, ?, ?, ?, default)
Hibernate: 
    insert 
    into
        users
        (dob, email, grade_level, password, person_first_name, person_last_name, role_id, user_id) 
    values
        (?, ?, ?, ?, ?, ?, ?, default)
]]></system-out>
  </testcase>
</testsuite>