<?xml version="1.0" encoding="UTF-8"?>
<testsuite xmlns:xsi="http://www.w3.org/2001/XMLSchema-instance" xsi:noNamespaceSchemaLocation="https://maven.apache.org/surefire/maven-surefire-plugin/xsd/surefire-test-report.xsd" version="3.0.2" name="com.github.gradehub.GradeHubApplicationTests" time="32.219" tests="1" errors="0" skipped="0" failures="0">
  <properties>
[...]
</properties>
  <testcase name="contextLoads" classname="com.github.gradehub.GradeHubApplicationTests" time="2.331">
    <system-out><![CDATA[22:22:27.498 [main] INFO org.springframework.test.context.support.AnnotationConfigContextLoaderUtils -- Could not detect default configuration classes for test class [com.github.gradehub.GradeHubApplicationTests]: GradeHubApplicationTests does not declare any static, non-private, non-final, nested classes annotated with @Configuration.
22:22:28.199 [main] INFO org.springframework.boot.test.context.SpringBootTestContextBootstrapper -- Found @SpringBootConfiguration com.github.gradehub.GradeHubApplication for test class com.github.gradehub.GradeHubApplicationTests
22:22:30.867 [main] INFO org.springframework.boot.devtools.restart.RestartApplicationListener -- Restart disabled due to context in which it is running

  .   ____          _            __ _ _
 /\\ / ___'_ __ _ _(_)_ __  __ _ \ \ \ \
( ( )\___ | '_ | '_| | '_ \/ _` | \ \ \ \
 \\/  ___)| |_)| | | | | || (_| |  ) ) ) )
  '  |____| .__|_| |_|_| |_\__, | / / / /
 =========|_|==============|___/=/_/_/_/

 :: Spring Boot ::                (v3.4.1)

2025-03-06T22:22:32.702-06:00  INFO 12129 --- [GradeHub] [           main] c.g.gradehub.GradeHubApplicationTests    : Starting GradeHubApplicationTests using Java 23.0.1 with PID 12129 (started by jhon in /Users/jhon/GradeHub)
2025-03-06T22:22:32.706-06:00  INFO 12129 --- [GradeHub] [           main] c.g.gradehub.GradeHubApplicationTests    : No active profile set, falling back to 1 default profile: "default"
2025-03-06T22:22:36.007-06:00  INFO 12129 --- [GradeHub] [           main] .s.d.r.c.RepositoryConfigurationDelegate : Bootstrapping Spring Data JPA repositories in DEFAULT mode.
2025-03-06T22:22:36.353-06:00  INFO 12129 --- [GradeHub] [           main] .s.d.r.c.RepositoryConfigurationDelegate : Finished Spring Data repository scanning in 297 ms. Found 6 JPA repository interfaces.
2025-03-06T22:22:38.231-06:00  INFO 12129 --- [GradeHub] [           main] o.hibernate.jpa.internal.util.LogHelper  : HHH000204: Processing PersistenceUnitInfo [name: default]
2025-03-06T22:22:38.465-06:00  INFO 12129 --- [GradeHub] [           main] org.hibernate.Version                    : HHH000412: Hibernate ORM core version 6.6.4.Final
2025-03-06T22:22:38.579-06:00  INFO 12129 --- [GradeHub] [           main] o.h.c.internal.RegionFactoryInitiator    : HHH000026: Second-level cache disabled
2025-03-06T22:22:39.364-06:00  INFO 12129 --- [GradeHub] [           main] o.s.o.j.p.SpringPersistenceUnitInfo      : No LoadTimeWeaver setup: ignoring JPA class transformer
2025-03-06T22:22:39.467-06:00  INFO 12129 --- [GradeHub] [           main] com.zaxxer.hikari.HikariDataSource       : HikariPool-1 - Starting...
2025-03-06T22:22:40.671-06:00  INFO 12129 --- [GradeHub] [           main] com.zaxxer.hikari.pool.HikariPool        : HikariPool-1 - Added connection org.postgresql.jdbc.PgConnection@29892a77
2025-03-06T22:22:40.675-06:00  INFO 12129 --- [GradeHub] [           main] com.zaxxer.hikari.HikariDataSource       : HikariPool-1 - Start completed.
2025-03-06T22:22:41.023-06:00  INFO 12129 --- [GradeHub] [           main] org.hibernate.orm.connections.pooling    : HHH10001005: Database info:
	Database JDBC URL [Connecting through datasource 'HikariDataSource (HikariPool-1)']
	Database driver: undefined/unknown
	Database version: 16.4
	Autocommit mode: undefined/unknown
	Isolation level: undefined/unknown
	Minimum pool size: undefined/unknown
	Maximum pool size: undefined/unknown
2025-03-06T22:22:45.685-06:00  INFO 12129 --- [GradeHub] [           main] o.h.e.t.j.p.i.JtaPlatformInitiator       : HHH000489: No JTA platform available (set 'hibernate.transaction.jta.platform' to enable JTA platform integration)
Hibernate: set client_min_messages = WARNING
Hibernate: alter table if exists assignment drop constraint if exists FKrop26uwnbkstbtfha3ormxp85
Hibernate: alter table if exists course drop constraint if exists FK2nmcqx8d89xeticql10qxxvdl
Hibernate: alter table if exists course_grade drop constraint if exists FK33qmbpnunukw8uo8l9daynxj4
Hibernate: alter table if exists course_grade drop constraint if exists FK17s4r19m46hb22jft0agamjfv
Hibernate: alter table if exists course_taker drop constraint if exists FK9h74ihu57hpijslgxpbcq5xk9
Hibernate: alter table if exists course_taker drop constraint if exists FKfdqlork61tml4ahxla2y63ggg
Hibernate: alter table if exists grade drop constraint if exists FKj0v2ipq17spo0ivmd2uxk988n
Hibernate: alter table if exists grade drop constraint if exists FKobx49ylgv13u0bfh9lau61xvu
Hibernate: alter table if exists users drop constraint if exists FKp56c1712k691lhsyewcssf40f
Hibernate: drop table if exists assignment cascade
Hibernate: drop table if exists course cascade
Hibernate: drop table if exists course_grade cascade
Hibernate: drop table if exists course_taker cascade
Hibernate: drop table if exists grade cascade
Hibernate: drop table if exists roles cascade
Hibernate: drop table if exists users cascade
Hibernate: create table assignment (assignment_weight float(53) not null check ((assignment_weight>=0) and (assignment_weight<=1)), due_date date not null, posted_date date not null, assignment_id bigint generated by default as identity, course_id bigint not null, feedback varchar(500), assignment_name varchar(255) not null, primary key (assignment_id))
Hibernate: create table course (course_id bigint generated by default as identity, user_id bigint not null, course_description varchar(500), course_name varchar(255) not null, primary key (course_id))
Hibernate: create table course_grade (current_grade float4, course_grade_id bigint generated by default as identity, course_id bigint not null, user_id bigint not null, primary key (course_grade_id))
Hibernate: create table course_taker (course_id bigint not null, user_id bigint not null)
Hibernate: create table grade (score float(53) not null check ((score>=0) and (score<=100)), assignment_id bigint not null, grade_id bigint generated by default as identity, user_id bigint not null, primary key (grade_id))
Hibernate: create table roles (role_id bigint generated by default as identity, role varchar(255) not null unique check (role in ('ADMIN','INSTRUCTOR','STUDENT','STAFF')), primary key (role_id))
Hibernate: create table users (dob date not null, grade_level integer, role_id bigint not null, user_id bigint generated by default as identity, person_first_name varchar(50) not null, person_last_name varchar(50) not null, password varchar(100) not null, email varchar(255) not null unique, primary key (user_id))
Hibernate: create index idx_assignment_name on assignment (assignment_name)
Hibernate: create index idx_assignment_id on assignment (assignment_id)
Hibernate: create index idx_due_date on assignment (due_date)
Hibernate: create index idx_course_name on course (course_name)
Hibernate: create index idx_course_user on course_grade (course_id, user_id)
Hibernate: create index idx_score on grade (score)
Hibernate: create index idx_person_name on users (person_first_name, person_last_name)
Hibernate: create index idx_email on users (email)
Hibernate: alter table if exists assignment add constraint FKrop26uwnbkstbtfha3ormxp85 foreign key (course_id) references course
Hibernate: alter table if exists course add constraint FK2nmcqx8d89xeticql10qxxvdl foreign key (user_id) references users
Hibernate: alter table if exists course_grade add constraint FK33qmbpnunukw8uo8l9daynxj4 foreign key (course_id) references course
Hibernate: alter table if exists course_grade add constraint FK17s4r19m46hb22jft0agamjfv foreign key (user_id) references users
Hibernate: alter table if exists course_taker add constraint FK9h74ihu57hpijslgxpbcq5xk9 foreign key (user_id) references users
Hibernate: alter table if exists course_taker add constraint FKfdqlork61tml4ahxla2y63ggg foreign key (course_id) references course
Hibernate: alter table if exists grade add constraint FKj0v2ipq17spo0ivmd2uxk988n foreign key (assignment_id) references assignment
Hibernate: alter table if exists grade add constraint FKobx49ylgv13u0bfh9lau61xvu foreign key (user_id) references users
Hibernate: alter table if exists users add constraint FKp56c1712k691lhsyewcssf40f foreign key (role_id) references roles
2025-03-06T22:22:46.471-06:00  INFO 12129 --- [GradeHub] [           main] j.LocalContainerEntityManagerFactoryBean : Initialized JPA EntityManagerFactory for persistence unit 'default'
2025-03-06T22:22:48.236-06:00  INFO 12129 --- [GradeHub] [           main] o.s.d.j.r.query.QueryEnhancerFactory     : Hibernate is in classpath; If applicable, HQL parser will be used.
2025-03-06T22:22:53.517-06:00  INFO 12129 --- [GradeHub] [           main] r$InitializeUserDetailsManagerConfigurer : Global AuthenticationManager configured with UserDetailsService bean with name inMemoryUserDetailsManager
2025-03-06T22:22:56.413-06:00  INFO 12129 --- [GradeHub] [           main] c.g.gradehub.GradeHubApplicationTests    : Started GradeHubApplicationTests in 25.944 seconds (process running for 33.892)
]]></system-out>
    <system-err><![CDATA[Mockito is currently self-attaching to enable the inline-mock-maker. This will no longer work in future releases of the JDK. Please add Mockito as an agent to your build what is described in Mockito's documentation: https://javadoc.io/doc/org.mockito/mockito-core/latest/org/mockito/Mockito.html#0.3
WARNING: A Java agent has been loaded dynamically (/Users/jhon/.m2/repository/net/bytebuddy/byte-buddy-agent/1.15.11/byte-buddy-agent-1.15.11.jar)
WARNING: If a serviceability tool is in use, please run with -XX:+EnableDynamicAgentLoading to hide this warning
WARNING: If a serviceability tool is not in use, please run with -Djdk.instrument.traceUsage for more information
WARNING: Dynamic loading of agents will be disallowed by default in a future release
]]></system-err>
  </testcase>
</testsuite>